Command line args:	
{
  snapshot : 1000
  seed : 0
  name : "imgnet"
  gpuid : 0
  lr : 0.0001
  restore : ""
  train : "data_mine/ILSVRC2015_VID_test.t7"
  threads : 8
  plot : 100
  rms_decay : 0.9
  cfg : "config/imagenet_test.lua"
  opti : "rmsprop"
  model : "models/vgg_small.lua"
}
Options:	
{
  roi_pooling : 
    {
      kw : 6
      kh : 6
    }
  best_match : true
  batch_size : 300
  positive_threshold : 0.6
  nearby_aversion : true
  normalization : 
    {
      method : "contrastive"
      centering : true
      scaling : true
      width : 7
    }
  negative_threshold : 0.25
  target_smaller_side : 480
  scales : 
    {
      1 : 48
      2 : 96
      3 : 192
      4 : 384
    }
  class_count : 30
  max_pixel_size : 1000
  background_base_path : ""
  augmentation : 
    {
      aspect_jitter : 0
      hflip : 0.25
      vflip : 0
      random_scaling : 0
    }
  examples_base_path : ""
  color_space : "yuv"
}
