Command line args:	
{
  snapshot : 1000
  seed : 0
  name : "imgnet"
  gpuid : 0
  lr : 0.0001
  restore : ""
  train : "data/ILSVRC2015_VID_test.t7"
  threads : 8
  plot : 100
  rms_decay : 0.9
  cfg : "config/imagenet_test.lua"
  opti : "rmsprop"
  model : "models/vgg_small.lua"
}
Options:	
{
  roi_pooling : 
    {
      kw : 6
      kh : 6
    }
  best_match : true
  batch_size : 300
  positive_threshold : 0.6
  nearby_aversion : true
  normalization : 
    {
      method : "contrastive"
      centering : true
      scaling : true
      width : 7
    }
  negative_threshold : 0.25
  target_smaller_side : 480
  scales : 
    {
      1 : 48
      2 : 96
      3 : 192
      4 : 384
    }
  class_count : 30
  max_pixel_size : 1000
  background_base_path : ""
  augmentation : 
    {
      aspect_jitter : 0
      hflip : 0.25
      vflip : 0
      random_scaling : 0
    }
  examples_base_path : ""
  color_space : "yuv"
}
Reading training data file 'data/ILSVRC2015_VID_test.t7'.	
Training data loaded. Dataset: 'ILSVRC2015_VID'; Total files: 440; classes: 30; Background: 0)	
'/disk2/bingbin/ILSVRC2015_test/Data/VID/train/ILSVRC2015_VID_train_0000/ILSVRC2015_train_00025030/000000.JPEG' (853x480); p: 18; n: 34	
'/disk2/bingbin/ILSVRC2015_test/Data/VID/train/ILSVRC2015_VID_train_0000/ILSVRC2015_train_00000000/000003.JPEG' (853x480); p: 14; n: 30	
'/disk2/bingbin/ILSVRC2015_test/Data/VID/train/ILSVRC2015_VID_train_0000/ILSVRC2015_train_00010002/000000.JPEG' (853x480); p: 6; n: 22	
'/disk2/bingbin/ILSVRC2015_test/Data/VID/train/ILSVRC2015_VID_train_0000/ILSVRC2015_train_00039001/000000.JPEG' (640x480); p: 15; n: 31	
'/disk2/bingbin/ILSVRC2015_test/Data/VID/train/ILSVRC2015_VID_train_0000/ILSVRC2015_train_00006000/000003.JPEG' (853x480); p: 32; n: 48	
'/disk2/bingbin/ILSVRC2015_test/Data/VID/train/ILSVRC2015_VID_train_0000/ILSVRC2015_train_00017001/000000.JPEG' (853x480); p: 35; n: 51	
prop: cls: 0.774643 (336), reg: 6.091731 (120); det: cls: 3.408587, reg: 6.981114	
1: loss: 6.866374	
'/disk2/bingbin/ILSVRC2015_test/Data/VID/train/ILSVRC2015_VID_train_0000/ILSVRC2015_train_00058002/000000.JPEG' (873x480); p: 93; n: 109	
'/disk2/bingbin/ILSVRC2015_test/Data/VID/train/ILSVRC2015_VID_train_0000/ILSVRC2015_train_00023000/000003.JPEG' (853x480); p: 13; n: 29	
'/disk2/bingbin/ILSVRC2015_test/Data/VID/train/ILSVRC2015_VID_train_0000/ILSVRC2015_train_00010003/000000.JPEG' (853x480); p: 8; n: 24	
'/disk2/bingbin/ILSVRC2015_test/Data/VID/train/ILSVRC2015_VID_train_0000/ILSVRC2015_train_00018001/000000.JPEG' (853x480); p: 13; n: 29	
prop: cls: 0.667027 (318), reg: 62.989255 (127); det: cls: 3.423400, reg: 50.905590	
2: loss: 63.656282	
'/disk2/bingbin/ILSVRC2015_test/Data/VID/train/ILSVRC2015_VID_train_0000/ILSVRC2015_train_00013000/000000.JPEG' (853x480); p: 0; n: 16	
'/disk2/bingbin/ILSVRC2015_test/Data/VID/train/ILSVRC2015_VID_train_0000/ILSVRC2015_train_00017003/000003.JPEG' (853x480); p: 20; n: 36	
'/disk2/bingbin/ILSVRC2015_test/Data/VID/train/ILSVRC2015_VID_train_0000/ILSVRC2015_train_00118001/000003.JPEG' (853x480); p: 4; n: 20	
'/disk2/bingbin/ILSVRC2015_test/Data/VID/train/ILSVRC2015_VID_train_0000/ILSVRC2015_train_00037000/000003.JPEG' (848x480); p: 18; n: 34	
'/disk2/bingbin/ILSVRC2015_test/Data/VID/train/ILSVRC2015_VID_train_0001/ILSVRC2015_train_00181009/000003.JPEG' (853x480); p: 26; n: 42	
'/disk2/bingbin/ILSVRC2015_test/Data/VID/train/ILSVRC2015_VID_train_0000/ILSVRC2015_train_00008002/000000.JPEG' (853x480); p: 12; n: 28	
'/disk2/bingbin/ILSVRC2015_test/Data/VID/train/ILSVRC2015_VID_train_0000/ILSVRC2015_train_00044000/000000.JPEG' (853x480); p: 39; n: 55	
prop: cls: 0.644207 (350), reg: 19.729261 (119); det: cls: 3.360621, reg: 33.523803	
3: loss: 20.373467	
'/disk2/bingbin/ILSVRC2015_test/Data/VID/train/ILSVRC2015_VID_train_0000/ILSVRC2015_train_00046001/000003.JPEG' (853x480); p: 75; n: 91	
'/disk2/bingbin/ILSVRC2015_test/Data/VID/train/ILSVRC2015_VID_train_0000/ILSVRC2015_train_00001000/000003.JPEG' (853x480); p: 39; n: 55	
'/disk2/bingbin/ILSVRC2015_test/Data/VID/train/ILSVRC2015_VID_train_0000/ILSVRC2015_train_00077002/000003.JPEG' (853x480); p: 38; n: 54	
prop: cls: 0.644986 (352), reg: 8.596006 (152); det: cls: 3.346331, reg: 9.140278	
4: loss: 9.240993	
'/disk2/bingbin/ILSVRC2015_test/Data/VID/train/ILSVRC2015_VID_train_0000/ILSVRC2015_train_00017004/000000.JPEG' (853x480); p: 29; n: 45	
'/disk2/bingbin/ILSVRC2015_test/Data/VID/train/ILSVRC2015_VID_train_0000/ILSVRC2015_train_00030001/000000.JPEG' (853x480); p: 2; n: 18	
'/disk2/bingbin/ILSVRC2015_test/Data/VID/train/ILSVRC2015_VID_train_0000/ILSVRC2015_train_00108003/000003.JPEG' (640x480); p: 28; n: 44	
'/disk2/bingbin/ILSVRC2015_test/Data/VID/train/ILSVRC2015_VID_train_0000/ILSVRC2015_train_00032000/000003.JPEG' (480x480); p: 35; n: 51	
'/disk2/bingbin/ILSVRC2015_test/Data/VID/train/ILSVRC2015_VID_train_0000/ILSVRC2015_train_00051000/000000.JPEG' (853x480); p: 50; n: 66	
prop: cls: 0.694405 (368), reg: 21.229444 (144); det: cls: 3.331393, reg: 53.027528	
5: loss: 21.923849	
'/disk2/bingbin/ILSVRC2015_test/Data/VID/train/ILSVRC2015_VID_train_0000/ILSVRC2015_train_00018001/000003.JPEG' (853x480); p: 12; n: 28	
'/disk2/bingbin/ILSVRC2015_test/Data/VID/train/ILSVRC2015_VID_train_0001/ILSVRC2015_train_00181009/000000.JPEG' (853x480); p: 24; n: 40	
'/disk2/bingbin/ILSVRC2015_test/Data/VID/train/ILSVRC2015_VID_train_0000/ILSVRC2015_train_00016000/000003.JPEG' (853x480); p: 79; n: 95	
'/disk2/bingbin/ILSVRC2015_test/Data/VID/train/ILSVRC2015_VID_train_0001/ILSVRC2015_train_00147000/000000.JPEG' (640x480); p: 18; n: 34	
prop: cls: 0.603272 (330), reg: 9.811935 (133); det: cls: 3.358940, reg: 8.220406	
6: loss: 10.415207	
'/disk2/bingbin/ILSVRC2015_test/Data/VID/train/ILSVRC2015_VID_train_0000/ILSVRC2015_train_00010004/000003.JPEG' (853x480); p: 16; n: 32	
'/disk2/bingbin/ILSVRC2015_test/Data/VID/train/ILSVRC2015_VID_train_0000/ILSVRC2015_train_00013003/000000.JPEG' (853x480); p: 35; n: 51	
'/disk2/bingbin/ILSVRC2015_test/Data/VID/train/ILSVRC2015_VID_train_0000/ILSVRC2015_train_00018000/000003.JPEG' (853x480); p: 10; n: 26	
'/disk2/bingbin/ILSVRC2015_test/Data/VID/train/ILSVRC2015_VID_train_0000/ILSVRC2015_train_00100000/000003.JPEG' (640x480); p: 11; n: 27	
'/disk2/bingbin/ILSVRC2015_test/Data/VID/train/ILSVRC2015_VID_train_0000/ILSVRC2015_train_00035000/000003.JPEG' (853x480); p: 6; n: 22	
'/disk2/bingbin/ILSVRC2015_test/Data/VID/train/ILSVRC2015_VID_train_0000/ILSVRC2015_train_00049000/000000.JPEG' (858x479); p: 68; n: 84	
prop: cls: 0.552389 (388), reg: 3.922704 (146); det: cls: 3.351520, reg: 4.957664	
7: loss: 4.475093	
'/disk2/bingbin/ILSVRC2015_test/Data/VID/train/ILSVRC2015_VID_train_0000/ILSVRC2015_train_00008000/000000.JPEG' (853x480); p: 11; n: 27	
'/disk2/bingbin/ILSVRC2015_test/Data/VID/train/ILSVRC2015_VID_train_0000/ILSVRC2015_train_00067001/000003.JPEG' (853x480); p: 72; n: 88	
'/disk2/bingbin/ILSVRC2015_test/Data/VID/train/ILSVRC2015_VID_train_0000/ILSVRC2015_train_00051000/000003.JPEG' (853x480); p: 50; n: 66	
prop: cls: 0.622241 (314), reg: 14.883954 (133); det: cls: 3.325181, reg: 30.034459	
8: loss: 15.506195	
'/disk2/bingbin/ILSVRC2015_test/Data/VID/train/ILSVRC2015_VID_train_0000/ILSVRC2015_train_00001001/000003.JPEG' (853x480); p: 46; n: 62	
'/disk2/bingbin/ILSVRC2015_test/Data/VID/train/ILSVRC2015_VID_train_0000/ILSVRC2015_train_00008000/000000.JPEG' (853x480); p: 11; n: 27	
'/disk2/bingbin/ILSVRC2015_test/Data/VID/train/ILSVRC2015_VID_train_0000/ILSVRC2015_train_00108002/000000.JPEG' (640x480); p: 25; n: 41	
'/disk2/bingbin/ILSVRC2015_test/Data/VID/train/ILSVRC2015_VID_train_0000/ILSVRC2015_train_00049001/000000.JPEG' (858x479); p: 71; n: 87	
prop: cls: 0.515139 (370), reg: 15.334490 (153); det: cls: 3.319505, reg: 14.851319	
9: loss: 15.849629	
'/disk2/bingbin/ILSVRC2015_test/Data/VID/train/ILSVRC2015_VID_train_0000/ILSVRC2015_train_00050002/000000.JPEG' (853x480); p: 37; n: 53	
'/disk2/bingbin/ILSVRC2015_test/Data/VID/train/ILSVRC2015_VID_train_0000/ILSVRC2015_train_00017000/000003.JPEG' (853x480); p: 46; n: 62	
'/disk2/bingbin/ILSVRC2015_test/Data/VID/train/ILSVRC2015_VID_train_0000/ILSVRC2015_train_00118003/000000.JPEG' (853x480); p: 5; n: 21	
'/disk2/bingbin/ILSVRC2015_test/Data/VID/train/ILSVRC2015_VID_train_0000/ILSVRC2015_train_00044002/000003.JPEG' (853x480); p: 63; n: 79	
prop: cls: 0.651323 (366), reg: 3.827471 (151); det: cls: 3.323519, reg: 4.236735	
10: loss: 4.478794	
